<?xml version="1.0" encoding="utf-8"?><testsuites name="pytest tests"><testsuite name="pytest" errors="0" failures="3" skipped="0" tests="29" time="5.717" timestamp="2026-02-18T20:33:16.611350+00:00" hostname="agent-env-afba3e95-d4ff-45a6-a359-97566af50319"><testcase classname="backend.tests.test_ai_generation.TestHealthCheckWithAIEngines" name="test_health_reports_41_engines" time="0.204" /><testcase classname="backend.tests.test_ai_generation.TestAIInterpret" name="test_interpret_ecommerce_description" time="0.292" /><testcase classname="backend.tests.test_ai_generation.TestAIInterpret" name="test_interpret_social_app_description" time="0.306" /><testcase classname="backend.tests.test_ai_generation.TestAIInterpret" name="test_interpret_productivity_app_description" time="0.146" /><testcase classname="backend.tests.test_ai_generation.TestAIInterpret" name="test_interpret_without_auth_fails" time="0.128" /><testcase classname="backend.tests.test_ai_generation.TestAIGenerate" name="test_generate_project_template_based" time="0.129" /><testcase classname="backend.tests.test_ai_generation.TestAIGenerate" name="test_generate_without_auth_fails" time="0.154" /><testcase classname="backend.tests.test_ai_generation.TestAIGenerate" name="test_generate_incremental_mode" time="0.141" /><testcase classname="backend.tests.test_ai_generation.TestAIFeatures" name="test_list_available_features" time="0.166" /><testcase classname="backend.tests.test_ai_generation.TestAIFeatures" name="test_features_without_auth_fails" time="0.295" /><testcase classname="backend.tests.test_ai_generation.TestAIAddFeature" name="test_add_authentication_feature" time="0.280" /><testcase classname="backend.tests.test_ai_generation.TestAIAddFeature" name="test_add_feature_with_dependencies" time="0.160" /><testcase classname="backend.tests.test_ai_generation.TestAIAddFeature" name="test_add_feature_invalid_type" time="0.238" /><testcase classname="backend.tests.test_ai_generation.TestAIAddFeature" name="test_add_feature_nonexistent_project" time="0.189" /><testcase classname="backend.tests.test_ai_generation.TestAIRoadmap" name="test_get_project_roadmap" time="0.241" /><testcase classname="backend.tests.test_ai_generation.TestAIRoadmap" name="test_roadmap_nonexistent_project" time="0.160" /><testcase classname="backend.tests.test_ai_generation.TestAINextStep" name="test_get_next_step" time="0.178" /><testcase classname="backend.tests.test_ai_generation.TestAINextStep" name="test_next_step_nonexistent_project" time="0.156" /><testcase classname="backend.tests.test_ai_generation.TestAIVariations" name="test_generate_complexity_variations" time="0.117"><failure message="AssertionError: Variations failed: {&quot;detail&quot;:&quot;Insufficient credits. Need ~8 credits for 2 variations but have 3.&quot;}&#10;assert 402 == 200&#10; +  where 402 = &lt;Response [402]&gt;.status_code">backend/tests/test_ai_generation.py:460: in test_generate_complexity_variations
    assert response.status_code == 200, f"Variations failed: {response.text}"
E   AssertionError: Variations failed: {"detail":"Insufficient credits. Need ~8 credits for 2 variations but have 3."}
E   assert 402 == 200
E    +  where 402 = &lt;Response [402]&gt;.status_code</failure></testcase><testcase classname="backend.tests.test_ai_generation.TestAIVariations" name="test_generate_audience_variations" time="0.182"><failure message="assert 402 == 200&#10; +  where 402 = &lt;Response [402]&gt;.status_code">backend/tests/test_ai_generation.py:496: in test_generate_audience_variations
    assert response.status_code == 200
E   assert 402 == 200
E    +  where 402 = &lt;Response [402]&gt;.status_code</failure></testcase><testcase classname="backend.tests.test_ai_generation.TestAIVariations" name="test_variations_without_auth_fails" time="0.178" /><testcase classname="backend.tests.test_ai_generation.TestAICommands" name="test_get_all_commands" time="0.129" /><testcase classname="backend.tests.test_ai_generation.TestAICommands" name="test_commands_without_auth_fails" time="0.170" /><testcase classname="backend.tests.test_ai_generation.TestAIEstimateCredits" name="test_estimate_credits_full_project" time="0.123" /><testcase classname="backend.tests.test_ai_generation.TestAIEstimateCredits" name="test_estimate_credits_complex_description" time="0.106" /><testcase classname="backend.tests.test_ai_generation.TestAIEstimateCredits" name="test_estimate_credits_incremental_mode" time="0.160" /><testcase classname="backend.tests.test_ai_generation.TestAIEstimateCredits" name="test_estimate_without_auth_fails" time="0.160" /><testcase classname="backend.tests.test_ai_generation.TestAIVariationModes" name="test_get_variation_modes" time="0.118" /><testcase classname="backend.tests.test_ai_generation.TestAIGenerationIntegration" name="test_full_generation_flow" time="0.560"><failure message="assert 402 == 200&#10; +  where 402 = &lt;Response [402]&gt;.status_code">backend/tests/test_ai_generation.py:685: in test_full_generation_flow
    assert generate_response.status_code == 200
E   assert 402 == 200
E    +  where 402 = &lt;Response [402]&gt;.status_code</failure></testcase></testsuite></testsuites>