<?xml version="1.0" encoding="utf-8"?><testsuites name="pytest tests"><testsuite name="pytest" errors="0" failures="2" skipped="0" tests="18" time="4.368" timestamp="2026-02-18T19:58:49.137531+00:00" hostname="agent-env-afba3e95-d4ff-45a6-a359-97566af50319"><testcase classname="backend.tests.test_auth_projects.TestHealthCheck" name="test_health_endpoint_returns_200" time="0.195" /><testcase classname="backend.tests.test_auth_projects.TestAuthLogin" name="test_login_with_valid_credentials" time="0.124" /><testcase classname="backend.tests.test_auth_projects.TestAuthLogin" name="test_login_with_invalid_password" time="0.116" /><testcase classname="backend.tests.test_auth_projects.TestAuthLogin" name="test_login_with_nonexistent_email" time="0.132" /><testcase classname="backend.tests.test_auth_projects.TestAuthLogin" name="test_login_returns_credits_data" time="0.131" /><testcase classname="backend.tests.test_auth_projects.TestAuthSignup" name="test_signup_new_user" time="0.127" /><testcase classname="backend.tests.test_auth_projects.TestAuthSignup" name="test_signup_duplicate_email" time="0.130" /><testcase classname="backend.tests.test_auth_projects.TestAuthMe" name="test_get_me_with_valid_token" time="0.308" /><testcase classname="backend.tests.test_auth_projects.TestAuthMe" name="test_get_me_without_token" time="0.118" /><testcase classname="backend.tests.test_auth_projects.TestAuthMe" name="test_get_me_with_invalid_token" time="0.124" /><testcase classname="backend.tests.test_auth_projects.TestProjectsList" name="test_get_projects_list" time="0.330" /><testcase classname="backend.tests.test_auth_projects.TestProjectsList" name="test_get_projects_without_auth" time="0.113" /><testcase classname="backend.tests.test_auth_projects.TestProjectCRUD" name="test_create_project" time="0.269"><failure message="AssertionError: Create failed: {&quot;detail&quot;:[{&quot;type&quot;:&quot;enum&quot;,&quot;loc&quot;:[&quot;body&quot;,&quot;type&quot;],&quot;msg&quot;:&quot;Input should be 'app', 'website' or 'both'&quot;,&quot;input&quot;:&quot;mobile&quot;,&quot;ctx&quot;:{&quot;expected&quot;:&quot;'app', 'website' or 'both'&quot;},&quot;url&quot;:&quot;https://errors.pydantic.dev/2.12/v/enum&quot;}]}&#10;assert 422 == 200&#10; +  where 422 = &lt;Response [422]&gt;.status_code">backend/tests/test_auth_projects.py:247: in test_create_project
    assert response.status_code == 200, f"Create failed: {response.text}"
E   AssertionError: Create failed: {"detail":[{"type":"enum","loc":["body","type"],"msg":"Input should be 'app', 'website' or 'both'","input":"mobile","ctx":{"expected":"'app', 'website' or 'both'"},"url":"https://errors.pydantic.dev/2.12/v/enum"}]}
E   assert 422 == 200
E    +  where 422 = &lt;Response [422]&gt;.status_code</failure></testcase><testcase classname="backend.tests.test_auth_projects.TestProjectCRUD" name="test_create_and_get_project" time="0.588" /><testcase classname="backend.tests.test_auth_projects.TestProjectCRUD" name="test_delete_project" time="0.278"><failure message="assert 422 == 200&#10; +  where 422 = &lt;Response [422]&gt;.status_code">backend/tests/test_auth_projects.py:304: in test_delete_project
    assert create_response.status_code == 200
E   assert 422 == 200
E    +  where 422 = &lt;Response [422]&gt;.status_code</failure></testcase><testcase classname="backend.tests.test_auth_projects.TestProjectCRUD" name="test_delete_nonexistent_project" time="0.250" /><testcase classname="backend.tests.test_auth_projects.TestProjectCRUD" name="test_get_nonexistent_project" time="0.456" /><testcase classname="backend.tests.test_auth_projects.TestDashboardIntegration" name="test_full_login_and_dashboard_flow" time="0.418" /></testsuite></testsuites>