<?xml version="1.0" encoding="utf-8"?><testsuites name="pytest tests"><testsuite name="pytest" errors="0" failures="0" skipped="0" tests="20" time="4.776" timestamp="2026-02-21T19:04:20.641256+00:00" hostname="agent-env-272b9403-4711-4be8-b59c-c1dcec7d3e22"><testcase classname="backend.tests.test_auth_billing.TestAuthEndpoints" name="test_health_endpoint" time="0.172" /><testcase classname="backend.tests.test_auth_billing.TestAuthEndpoints" name="test_login_with_valid_credentials" time="0.166" /><testcase classname="backend.tests.test_auth_billing.TestAuthEndpoints" name="test_login_with_invalid_password" time="0.117" /><testcase classname="backend.tests.test_auth_billing.TestAuthEndpoints" name="test_login_with_nonexistent_user" time="0.124" /><testcase classname="backend.tests.test_auth_billing.TestAuthEndpoints" name="test_signup_new_user" time="0.113" /><testcase classname="backend.tests.test_auth_billing.TestAuthEndpoints" name="test_signup_duplicate_email" time="0.155" /><testcase classname="backend.tests.test_auth_billing.TestAuthEndpoints" name="test_get_me_with_token" time="0.273" /><testcase classname="backend.tests.test_auth_billing.TestAuthEndpoints" name="test_get_me_without_token" time="0.117" /><testcase classname="backend.tests.test_auth_billing.TestBillingEndpoints" name="test_get_billing_plans" time="0.115" /><testcase classname="backend.tests.test_auth_billing.TestBillingEndpoints" name="test_get_credit_packages" time="0.120" /><testcase classname="backend.tests.test_auth_billing.TestBillingEndpoints" name="test_get_plans_compare" time="0.113" /><testcase classname="backend.tests.test_auth_billing.TestBillingEndpoints" name="test_create_subscription_checkout_requires_auth" time="0.118" /><testcase classname="backend.tests.test_auth_billing.TestBillingEndpoints" name="test_create_subscription_checkout" time="0.915" /><testcase classname="backend.tests.test_auth_billing.TestBillingEndpoints" name="test_create_subscription_checkout_invalid_plan" time="0.264" /><testcase classname="backend.tests.test_auth_billing.TestBillingEndpoints" name="test_create_subscription_checkout_free_plan" time="0.209" /><testcase classname="backend.tests.test_auth_billing.TestBillingEndpoints" name="test_credit_purchase_checkout" time="0.873" /><testcase classname="backend.tests.test_auth_billing.TestBillingEndpoints" name="test_get_billing_info" time="0.267" /><testcase classname="backend.tests.test_auth_billing.TestBillingEndpoints" name="test_get_transactions" time="0.235" /><testcase classname="backend.tests.test_auth_billing.TestProtectedRoutes" name="test_billing_info_requires_auth" time="0.108" /><testcase classname="backend.tests.test_auth_billing.TestProtectedRoutes" name="test_transactions_requires_auth" time="0.116" /></testsuite></testsuites>