<?xml version="1.0" encoding="utf-8"?><testsuites name="pytest tests"><testsuite name="pytest" errors="0" failures="0" skipped="0" tests="18" time="4.972" timestamp="2026-02-18T19:59:11.720102+00:00" hostname="agent-env-afba3e95-d4ff-45a6-a359-97566af50319"><testcase classname="backend.tests.test_auth_projects.TestHealthCheck" name="test_health_endpoint_returns_200" time="0.284" /><testcase classname="backend.tests.test_auth_projects.TestAuthLogin" name="test_login_with_valid_credentials" time="0.170" /><testcase classname="backend.tests.test_auth_projects.TestAuthLogin" name="test_login_with_invalid_password" time="0.202" /><testcase classname="backend.tests.test_auth_projects.TestAuthLogin" name="test_login_with_nonexistent_email" time="0.219" /><testcase classname="backend.tests.test_auth_projects.TestAuthLogin" name="test_login_returns_credits_data" time="0.130" /><testcase classname="backend.tests.test_auth_projects.TestAuthSignup" name="test_signup_new_user" time="0.222" /><testcase classname="backend.tests.test_auth_projects.TestAuthSignup" name="test_signup_duplicate_email" time="0.227" /><testcase classname="backend.tests.test_auth_projects.TestAuthMe" name="test_get_me_with_valid_token" time="0.282" /><testcase classname="backend.tests.test_auth_projects.TestAuthMe" name="test_get_me_without_token" time="0.146" /><testcase classname="backend.tests.test_auth_projects.TestAuthMe" name="test_get_me_with_invalid_token" time="0.231" /><testcase classname="backend.tests.test_auth_projects.TestProjectsList" name="test_get_projects_list" time="0.283" /><testcase classname="backend.tests.test_auth_projects.TestProjectsList" name="test_get_projects_without_auth" time="0.115" /><testcase classname="backend.tests.test_auth_projects.TestProjectCRUD" name="test_create_project" time="0.244" /><testcase classname="backend.tests.test_auth_projects.TestProjectCRUD" name="test_create_and_get_project" time="0.584" /><testcase classname="backend.tests.test_auth_projects.TestProjectCRUD" name="test_delete_project" time="0.511" /><testcase classname="backend.tests.test_auth_projects.TestProjectCRUD" name="test_delete_nonexistent_project" time="0.261" /><testcase classname="backend.tests.test_auth_projects.TestProjectCRUD" name="test_get_nonexistent_project" time="0.297" /><testcase classname="backend.tests.test_auth_projects.TestDashboardIntegration" name="test_full_login_and_dashboard_flow" time="0.473" /></testsuite></testsuites>