<?xml version="1.0" encoding="utf-8"?><testsuites name="pytest tests"><testsuite name="pytest" errors="0" failures="0" skipped="0" tests="26" time="5.770" timestamp="2026-02-19T05:02:01.337542+00:00" hostname="agent-env-0f33e01c-776a-4b78-953d-d01de3c3a3b6"><testcase classname="backend.tests.test_backend_connections.TestBackendConnectionsAPI" name="test_list_providers_returns_all_five" time="0.269" /><testcase classname="backend.tests.test_backend_connections.TestBackendConnectionsAPI" name="test_list_providers_requires_auth" time="0.270" /><testcase classname="backend.tests.test_backend_connections.TestBackendConnectionsAPI" name="test_create_firebase_connection" time="0.283" /><testcase classname="backend.tests.test_backend_connections.TestBackendConnectionsAPI" name="test_create_supabase_connection" time="0.250" /><testcase classname="backend.tests.test_backend_connections.TestBackendConnectionsAPI" name="test_create_rest_api_connection" time="0.217" /><testcase classname="backend.tests.test_backend_connections.TestBackendConnectionsAPI" name="test_create_graphql_connection" time="0.219" /><testcase classname="backend.tests.test_backend_connections.TestBackendConnectionsAPI" name="test_create_mongodb_connection" time="0.258" /><testcase classname="backend.tests.test_backend_connections.TestBackendConnectionsAPI" name="test_list_connections_for_project" time="0.298" /><testcase classname="backend.tests.test_backend_connections.TestBackendConnectionsAPI" name="test_delete_connection" time="0.294" /><testcase classname="backend.tests.test_backend_connections.TestBackendConnectionsAPI" name="test_delete_nonexistent_connection" time="0.158" /><testcase classname="backend.tests.test_backend_connections.TestBackendConnectionsAPI" name="test_connection_firebase_valid" time="0.154" /><testcase classname="backend.tests.test_backend_connections.TestBackendConnectionsAPI" name="test_connection_firebase_missing_api_key" time="0.166" /><testcase classname="backend.tests.test_backend_connections.TestBackendConnectionsAPI" name="test_connection_firebase_missing_project_id" time="0.160" /><testcase classname="backend.tests.test_backend_connections.TestBackendConnectionsAPI" name="test_connection_supabase_valid" time="0.163" /><testcase classname="backend.tests.test_backend_connections.TestBackendConnectionsAPI" name="test_connection_supabase_missing_url" time="0.165" /><testcase classname="backend.tests.test_backend_connections.TestBackendConnectionsAPI" name="test_connection_rest_api_valid" time="0.141" /><testcase classname="backend.tests.test_backend_connections.TestBackendConnectionsAPI" name="test_connection_rest_api_missing_base_url" time="0.159" /><testcase classname="backend.tests.test_backend_connections.TestBackendConnectionsAPI" name="test_connection_graphql_valid" time="0.212" /><testcase classname="backend.tests.test_backend_connections.TestBackendConnectionsAPI" name="test_connection_graphql_missing_endpoint" time="0.196" /><testcase classname="backend.tests.test_backend_connections.TestBackendConnectionsAPI" name="test_connection_mongodb_valid" time="0.173" /><testcase classname="backend.tests.test_backend_connections.TestBackendConnectionsAPI" name="test_connection_mongodb_missing_connection_string" time="0.161" /><testcase classname="backend.tests.test_backend_connections.TestBackendConnectionsAPI" name="test_connection_mongodb_missing_database" time="0.182" /><testcase classname="backend.tests.test_backend_connections.TestBackendConnectionsAPI" name="test_create_connection_requires_auth" time="0.276" /><testcase classname="backend.tests.test_backend_connections.TestBackendConnectionsAPI" name="test_list_connections_requires_auth" time="0.279" /><testcase classname="backend.tests.test_backend_connections.TestBackendConnectionsAPI" name="test_delete_connection_requires_auth" time="0.235" /><testcase classname="backend.tests.test_backend_connections.TestBackendConnectionsAPI" name="test_test_connection_requires_auth" time="0.222" /></testsuite></testsuites>