<?xml version="1.0" encoding="utf-8"?><testsuites name="pytest tests"><testsuite name="pytest" errors="0" failures="5" skipped="0" tests="11" time="3.512" timestamp="2026-02-20T15:33:20.803895+00:00" hostname="agent-env-bd25315e-fa96-4b91-be50-7bab202f8549"><testcase classname="tests.test_blue_lotus_features.TestLoginFlow" name="test_login_with_owner_credentials" time="0.364"><failure message="AssertionError: Response should contain token&#10;assert 'token' in {'access_token': 'eyJhbGciOiJIUzI1NiIsInR5cCI6IkpXVCJ9.eyJzdWIiOiI1YjA5MjVmYS02NDJjLTRjZjQtYTRhMy0xNDJiZTg0YjFkYTgiLCJlbWFpbCI6Im93bmVyQGJsdWVsb3R1cy5haSIsImV4cCI6MTc3MjIwNjQwMSwiaWF0IjoxNzcxNjAxNjAxfQ.SGRe3yq6rjHs1mObZOABUWVNQ-VM74lzZ_A2bjpbQ-o', 'token_type': 'bearer', 'user': {'avatar': None, 'created_at': '2026-02-19T13:49:35.919791Z', 'credits': {'bonus': 100, 'bonus_total': 10, 'last_bonus_refresh': '2026-02-19T13:49:52.392647Z', 'monthly': 1000, ...}, 'email': 'owner@bluelotus.ai', ...}}">tests/test_blue_lotus_features.py:26: in test_login_with_owner_credentials
    assert "token" in data, "Response should contain token"
E   AssertionError: Response should contain token
E   assert 'token' in {'access_token': 'eyJhbGciOiJIUzI1NiIsInR5cCI6IkpXVCJ9.eyJzdWIiOiI1YjA5MjVmYS02NDJjLTRjZjQtYTRhMy0xNDJiZTg0YjFkYTgiLCJlbWFpbCI6Im93bmVyQGJsdWVsb3R1cy5haSIsImV4cCI6MTc3MjIwNjQwMSwiaWF0IjoxNzcxNjAxNjAxfQ.SGRe3yq6rjHs1mObZOABUWVNQ-VM74lzZ_A2bjpbQ-o', 'token_type': 'bearer', 'user': {'avatar': None, 'created_at': '2026-02-19T13:49:35.919791Z', 'credits': {'bonus': 100, 'bonus_total': 10, 'last_bonus_refresh': '2026-02-19T13:49:52.392647Z', 'monthly': 1000, ...}, 'email': 'owner@bluelotus.ai', ...}}</failure></testcase><testcase classname="tests.test_blue_lotus_features.TestBuilderAIGeneration" name="test_generate_youtube_clone" time="0.283" /><testcase classname="tests.test_blue_lotus_features.TestBuilderAIGeneration" name="test_generate_ecommerce_app" time="0.266" /><testcase classname="tests.test_blue_lotus_features.TestBuilderAIGeneration" name="test_generate_recipe_app" time="0.290" /><testcase classname="tests.test_blue_lotus_features.TestBackendConnectionsAPI" name="test_list_backend_providers" time="0.258"><failure message="assert 401 == 200&#10; +  where 401 = &lt;Response [401]&gt;.status_code">tests/test_blue_lotus_features.py:196: in test_list_backend_providers
    assert response.status_code == 200
E   assert 401 == 200
E    +  where 401 = &lt;Response [401]&gt;.status_code</failure></testcase><testcase classname="tests.test_blue_lotus_features.TestBackendConnectionsAPI" name="test_supabase_connection_validation" time="0.348"><failure message="assert 401 == 200&#10; +  where 401 = &lt;Response [401]&gt;.status_code">tests/test_blue_lotus_features.py:220: in test_supabase_connection_validation
    assert response.status_code == 200
E   assert 401 == 200
E    +  where 401 = &lt;Response [401]&gt;.status_code</failure></testcase><testcase classname="tests.test_blue_lotus_features.TestBackendConnectionsAPI" name="test_supabase_connection_with_credentials" time="0.287"><failure message="assert 401 == 200&#10; +  where 401 = &lt;Response [401]&gt;.status_code">tests/test_blue_lotus_features.py:242: in test_supabase_connection_with_credentials
    assert response.status_code == 200
E   assert 401 == 200
E    +  where 401 = &lt;Response [401]&gt;.status_code</failure></testcase><testcase classname="tests.test_blue_lotus_features.TestBillingAPI" name="test_get_billing_plans" time="0.330" /><testcase classname="tests.test_blue_lotus_features.TestBillingAPI" name="test_get_credit_packages" time="0.379" /><testcase classname="tests.test_blue_lotus_features.TestBillingAPI" name="test_subscription_checkout_flow" time="0.293"><failure message="Failed: Unexpected status code: 401">tests/test_blue_lotus_features.py:330: in test_subscription_checkout_flow
    pytest.fail(f"Unexpected status code: {response.status_code}")
E   Failed: Unexpected status code: 401</failure></testcase><testcase classname="tests.test_blue_lotus_features.TestPricingPage" name="test_pricing_plans_public" time="0.170" /></testsuite></testsuites>