<?xml version="1.0" encoding="utf-8"?><testsuites name="pytest tests"><testsuite name="pytest" errors="0" failures="0" skipped="0" tests="11" time="3.714" timestamp="2026-02-20T15:34:09.754398+00:00" hostname="agent-env-bd25315e-fa96-4b91-be50-7bab202f8549"><testcase classname="tests.test_blue_lotus_features.TestLoginFlow" name="test_login_with_owner_credentials" time="0.182" /><testcase classname="tests.test_blue_lotus_features.TestBuilderAIGeneration" name="test_generate_youtube_clone" time="0.321" /><testcase classname="tests.test_blue_lotus_features.TestBuilderAIGeneration" name="test_generate_ecommerce_app" time="0.256" /><testcase classname="tests.test_blue_lotus_features.TestBuilderAIGeneration" name="test_generate_recipe_app" time="0.345" /><testcase classname="tests.test_blue_lotus_features.TestBackendConnectionsAPI" name="test_list_backend_providers" time="0.255" /><testcase classname="tests.test_blue_lotus_features.TestBackendConnectionsAPI" name="test_supabase_connection_validation" time="0.323" /><testcase classname="tests.test_blue_lotus_features.TestBackendConnectionsAPI" name="test_supabase_connection_with_credentials" time="0.320" /><testcase classname="tests.test_blue_lotus_features.TestBillingAPI" name="test_get_billing_plans" time="0.285" /><testcase classname="tests.test_blue_lotus_features.TestBillingAPI" name="test_get_credit_packages" time="0.291" /><testcase classname="tests.test_blue_lotus_features.TestBillingAPI" name="test_subscription_checkout_flow" time="0.937" /><testcase classname="tests.test_blue_lotus_features.TestPricingPage" name="test_pricing_plans_public" time="0.132" /></testsuite></testsuites>