<?xml version="1.0" encoding="utf-8"?><testsuites name="pytest tests"><testsuite name="pytest" errors="0" failures="0" skipped="0" tests="27" time="4.768" timestamp="2026-02-18T23:16:02.039657+00:00" hostname="agent-env-de06600a-8cd5-4b48-a3d9-da19d482f8c8"><testcase classname="backend.tests.test_owner_dashboard_complete.TestHealthCheck" name="test_health_returns_54_engines" time="0.240" /><testcase classname="backend.tests.test_owner_dashboard_complete.TestHealthCheck" name="test_health_includes_analytics_engine" time="0.127" /><testcase classname="backend.tests.test_owner_dashboard_complete.TestHealthCheck" name="test_health_includes_system_settings_engine" time="0.519" /><testcase classname="backend.tests.test_owner_dashboard_complete.TestHealthCheck" name="test_health_includes_compliance_engine" time="0.167" /><testcase classname="backend.tests.test_owner_dashboard_complete.TestHealthCheck" name="test_health_includes_support_engine" time="0.137" /><testcase classname="backend.tests.test_owner_dashboard_complete.TestAdminStats" name="test_admin_stats_returns_data" time="0.334" /><testcase classname="backend.tests.test_owner_dashboard_complete.TestAdminStats" name="test_admin_stats_requires_owner" time="0.303" /><testcase classname="backend.tests.test_owner_dashboard_complete.TestAnalyticsEndpoints" name="test_retention_returns_metrics" time="0.170" /><testcase classname="backend.tests.test_owner_dashboard_complete.TestAnalyticsEndpoints" name="test_project_funnel_returns_data" time="0.146" /><testcase classname="backend.tests.test_owner_dashboard_complete.TestAnalyticsEndpoints" name="test_ai_usage_returns_stats" time="0.111" /><testcase classname="backend.tests.test_owner_dashboard_complete.TestAnalyticsEndpoints" name="test_signups_returns_daily_counts" time="0.128" /><testcase classname="backend.tests.test_owner_dashboard_complete.TestAnalyticsEndpoints" name="test_analytics_requires_owner" time="0.126" /><testcase classname="backend.tests.test_owner_dashboard_complete.TestSettingsEndpoints" name="test_features_returns_flags" time="0.191" /><testcase classname="backend.tests.test_owner_dashboard_complete.TestSettingsEndpoints" name="test_limits_returns_global_limits" time="0.167" /><testcase classname="backend.tests.test_owner_dashboard_complete.TestSettingsEndpoints" name="test_branding_returns_config" time="0.133" /><testcase classname="backend.tests.test_owner_dashboard_complete.TestSettingsEndpoints" name="test_settings_requires_owner" time="0.144" /><testcase classname="backend.tests.test_owner_dashboard_complete.TestComplianceEndpoints" name="test_documents_returns_list" time="0.182" /><testcase classname="backend.tests.test_owner_dashboard_complete.TestComplianceEndpoints" name="test_third_party_returns_services" time="0.135" /><testcase classname="backend.tests.test_owner_dashboard_complete.TestComplianceEndpoints" name="test_compliance_requires_owner" time="0.125" /><testcase classname="backend.tests.test_owner_dashboard_complete.TestSupportEndpoints" name="test_tickets_returns_list" time="0.129" /><testcase classname="backend.tests.test_owner_dashboard_complete.TestSupportEndpoints" name="test_ticket_stats_returns_counts" time="0.125" /><testcase classname="backend.tests.test_owner_dashboard_complete.TestSupportEndpoints" name="test_articles_returns_list" time="0.145" /><testcase classname="backend.tests.test_owner_dashboard_complete.TestSupportEndpoints" name="test_feedback_returns_list" time="0.155" /><testcase classname="backend.tests.test_owner_dashboard_complete.TestSupportEndpoints" name="test_support_requires_owner" time="0.112" /><testcase classname="backend.tests.test_owner_dashboard_complete.TestExistingAdminEndpoints" name="test_users_returns_list" time="0.137" /><testcase classname="backend.tests.test_owner_dashboard_complete.TestExistingAdminEndpoints" name="test_projects_returns_list" time="0.129" /><testcase classname="backend.tests.test_owner_dashboard_complete.TestExistingAdminEndpoints" name="test_billing_overview_returns_data" time="0.118" /></testsuite></testsuites>