<?xml version="1.0" encoding="utf-8"?><testsuites name="pytest tests"><testsuite name="pytest" errors="0" failures="0" skipped="0" tests="21" time="4.378" timestamp="2026-02-18T22:37:29.787903+00:00" hostname="agent-env-de06600a-8cd5-4b48-a3d9-da19d482f8c8"><testcase classname="backend.tests.test_owner_dashboard.TestHealthCheck" name="test_health_returns_50_engines" time="0.193" /><testcase classname="backend.tests.test_owner_dashboard.TestHealthCheck" name="test_health_includes_billing_engine" time="0.163" /><testcase classname="backend.tests.test_owner_dashboard.TestHealthCheck" name="test_health_includes_admin_engine" time="0.099" /><testcase classname="backend.tests.test_owner_dashboard.TestBillingPlans" name="test_get_plans_returns_4_plans" time="0.117" /><testcase classname="backend.tests.test_owner_dashboard.TestBillingPlans" name="test_plans_include_free_creator_pro_elite" time="0.183" /><testcase classname="backend.tests.test_owner_dashboard.TestBillingPlans" name="test_plans_have_correct_prices" time="0.116" /><testcase classname="backend.tests.test_owner_dashboard.TestCreditPackages" name="test_get_packages_returns_4_packages" time="0.150" /><testcase classname="backend.tests.test_owner_dashboard.TestCreditPackages" name="test_packages_have_correct_structure" time="0.112" /><testcase classname="backend.tests.test_owner_dashboard.TestOwnerAuth" name="test_owner_login_success" time="0.127" /><testcase classname="backend.tests.test_owner_dashboard.TestOwnerAuth" name="test_owner_email_in_owner_emails_env" time="0.281" /><testcase classname="backend.tests.test_owner_dashboard.TestAdminStats" name="test_admin_stats_requires_auth" time="0.119" /><testcase classname="backend.tests.test_owner_dashboard.TestAdminStats" name="test_admin_stats_requires_owner" time="0.221" /><testcase classname="backend.tests.test_owner_dashboard.TestAdminStats" name="test_admin_stats_returns_platform_stats" time="0.244" /><testcase classname="backend.tests.test_owner_dashboard.TestAdminUsers" name="test_admin_users_requires_owner" time="0.279" /><testcase classname="backend.tests.test_owner_dashboard.TestAdminUsers" name="test_admin_users_returns_user_list" time="0.257" /><testcase classname="backend.tests.test_owner_dashboard.TestAdminUsers" name="test_admin_users_have_required_fields" time="0.222" /><testcase classname="backend.tests.test_owner_dashboard.TestAdminProjects" name="test_admin_projects_requires_owner" time="0.241" /><testcase classname="backend.tests.test_owner_dashboard.TestAdminProjects" name="test_admin_projects_returns_project_list" time="0.252" /><testcase classname="backend.tests.test_owner_dashboard.TestAdminProjects" name="test_admin_projects_have_required_fields" time="0.378" /><testcase classname="backend.tests.test_owner_dashboard.TestAdminBillingOverview" name="test_admin_billing_requires_owner" time="0.235" /><testcase classname="backend.tests.test_owner_dashboard.TestAdminBillingOverview" name="test_admin_billing_returns_overview" time="0.254" /></testsuite></testsuites>