<?xml version="1.0" encoding="utf-8"?><testsuites name="pytest tests"><testsuite name="pytest" errors="0" failures="3" skipped="0" tests="39" time="6.177" timestamp="2026-02-18T18:50:56.727148+00:00" hostname="agent-env-95601c1b-94af-413a-9ad9-9dfeefe67264"><testcase classname="tests.test_new_engines.TestHealthCheck" name="test_health_check_returns_200" time="0.181" /><testcase classname="tests.test_new_engines.TestHealthCheck" name="test_health_check_shows_all_engines" time="0.060" /><testcase classname="tests.test_new_engines.TestBlueprintGeneration" name="test_generate_screen_blueprint" time="0.460" /><testcase classname="tests.test_new_engines.TestBlueprintGeneration" name="test_generate_page_blueprint" time="0.123" /><testcase classname="tests.test_new_engines.TestBlueprintGeneration" name="test_generate_flow_blueprint" time="0.088" /><testcase classname="tests.test_new_engines.TestBlueprintGeneration" name="test_generate_data_model_blueprint" time="0.127" /><testcase classname="tests.test_new_engines.TestBlueprintGeneration" name="test_generate_invalid_blueprint_type" time="0.097" /><testcase classname="tests.test_new_engines.TestBlueprintGeneration" name="test_list_blueprints" time="0.357"><failure message="AssertionError: Expected 200, got 401: {&quot;detail&quot;:&quot;Not authenticated&quot;}&#10;assert 401 == 200&#10; +  where 401 = &lt;Response [401]&gt;.status_code">tests/test_new_engines.py:236: in test_list_blueprints
    assert response.status_code == 200, f"Expected 200, got {response.status_code}: {response.text}"
E   AssertionError: Expected 200, got 401: {"detail":"Not authenticated"}
E   assert 401 == 200
E    +  where 401 = &lt;Response [401]&gt;.status_code</failure></testcase><testcase classname="tests.test_new_engines.TestBlueprintGeneration" name="test_list_blueprints_with_filter" time="0.275"><failure message="assert 401 == 200&#10; +  where 401 = &lt;Response [401]&gt;.status_code">tests/test_new_engines.py:249: in test_list_blueprints_with_filter
    assert response.status_code == 200
E   assert 401 == 200
E    +  where 401 = &lt;Response [401]&gt;.status_code</failure></testcase><testcase classname="tests.test_new_engines.TestBlueprintGeneration" name="test_get_specific_blueprint" time="0.098" /><testcase classname="tests.test_new_engines.TestBlueprintGeneration" name="test_get_nonexistent_blueprint" time="0.182" /><testcase classname="tests.test_new_engines.TestBlueprintGeneration" name="test_validate_blueprint" time="0.084" /><testcase classname="tests.test_new_engines.TestBlueprintGeneration" name="test_apply_blueprint" time="0.174" /><testcase classname="tests.test_new_engines.TestBlueprintGeneration" name="test_delete_blueprint" time="0.330" /><testcase classname="tests.test_new_engines.TestBlueprintGeneration" name="test_blueprint_requires_auth" time="0.211" /><testcase classname="tests.test_new_engines.TestSystemDiagnostics" name="test_get_system_health" time="0.461" /><testcase classname="tests.test_new_engines.TestSystemDiagnostics" name="test_check_data_integrity" time="0.092" /><testcase classname="tests.test_new_engines.TestSystemDiagnostics" name="test_check_data_integrity_full" time="0.096" /><testcase classname="tests.test_new_engines.TestSystemDiagnostics" name="test_check_data_integrity_invalid_type" time="0.128" /><testcase classname="tests.test_new_engines.TestSystemDiagnostics" name="test_get_diagnostic_logs" time="0.085" /><testcase classname="tests.test_new_engines.TestSystemDiagnostics" name="test_get_diagnostic_logs_with_filters" time="0.091" /><testcase classname="tests.test_new_engines.TestSystemDiagnostics" name="test_get_recent_errors" time="0.069" /><testcase classname="tests.test_new_engines.TestSystemDiagnostics" name="test_get_recent_errors_with_limit" time="0.065" /><testcase classname="tests.test_new_engines.TestSystemDiagnostics" name="test_get_metrics" time="0.076" /><testcase classname="tests.test_new_engines.TestSystemDiagnostics" name="test_diagnostics_requires_auth" time="0.064" /><testcase classname="tests.test_new_engines.TestPlatformSettings" name="test_get_user_settings" time="0.264" /><testcase classname="tests.test_new_engines.TestPlatformSettings" name="test_get_user_settings_ui" time="0.089" /><testcase classname="tests.test_new_engines.TestPlatformSettings" name="test_update_single_user_setting" time="0.256" /><testcase classname="tests.test_new_engines.TestPlatformSettings" name="test_update_boolean_setting" time="0.160" /><testcase classname="tests.test_new_engines.TestPlatformSettings" name="test_update_number_setting" time="0.159" /><testcase classname="tests.test_new_engines.TestPlatformSettings" name="test_update_setting_validation_error" time="0.089" /><testcase classname="tests.test_new_engines.TestPlatformSettings" name="test_update_number_setting_out_of_range" time="0.086" /><testcase classname="tests.test_new_engines.TestPlatformSettings" name="test_bulk_update_user_settings" time="0.214" /><testcase classname="tests.test_new_engines.TestPlatformSettings" name="test_get_global_settings" time="0.108" /><testcase classname="tests.test_new_engines.TestPlatformSettings" name="test_settings_requires_auth" time="0.075" /><testcase classname="tests.test_new_engines.TestAuthenticationFlow" name="test_signup_creates_user" time="0.194" /><testcase classname="tests.test_new_engines.TestAuthenticationFlow" name="test_signup_duplicate_email_fails" time="0.085"><failure message="assert 200 == 400&#10; +  where 200 = &lt;Response [200]&gt;.status_code">tests/test_new_engines.py:783: in test_signup_duplicate_email_fails
    assert response.status_code == 400
E   assert 200 == 400
E    +  where 200 = &lt;Response [200]&gt;.status_code</failure></testcase><testcase classname="tests.test_new_engines.TestAuthenticationFlow" name="test_login_returns_token" time="0.087" /><testcase classname="tests.test_new_engines.TestAuthenticationFlow" name="test_login_invalid_credentials" time="0.086" /></testsuite></testsuites>