<?xml version="1.0" encoding="utf-8"?><testsuites name="pytest tests"><testsuite name="pytest" errors="0" failures="1" skipped="0" tests="39" time="4.200" timestamp="2026-02-18T18:52:08.233513+00:00" hostname="agent-env-95601c1b-94af-413a-9ad9-9dfeefe67264"><testcase classname="tests.test_new_engines.TestHealthCheck" name="test_health_check_returns_200" time="0.134" /><testcase classname="tests.test_new_engines.TestHealthCheck" name="test_health_check_shows_all_engines" time="0.057" /><testcase classname="tests.test_new_engines.TestBlueprintGeneration" name="test_generate_screen_blueprint" time="0.180" /><testcase classname="tests.test_new_engines.TestBlueprintGeneration" name="test_generate_page_blueprint" time="0.064" /><testcase classname="tests.test_new_engines.TestBlueprintGeneration" name="test_generate_flow_blueprint" time="0.066" /><testcase classname="tests.test_new_engines.TestBlueprintGeneration" name="test_generate_data_model_blueprint" time="0.056" /><testcase classname="tests.test_new_engines.TestBlueprintGeneration" name="test_generate_invalid_blueprint_type" time="0.055" /><testcase classname="tests.test_new_engines.TestBlueprintGeneration" name="test_list_blueprints" time="0.092" /><testcase classname="tests.test_new_engines.TestBlueprintGeneration" name="test_list_blueprints_with_filter" time="0.072" /><testcase classname="tests.test_new_engines.TestBlueprintGeneration" name="test_get_specific_blueprint" time="0.069" /><testcase classname="tests.test_new_engines.TestBlueprintGeneration" name="test_get_nonexistent_blueprint" time="0.058" /><testcase classname="tests.test_new_engines.TestBlueprintGeneration" name="test_validate_blueprint" time="0.068" /><testcase classname="tests.test_new_engines.TestBlueprintGeneration" name="test_apply_blueprint" time="0.080" /><testcase classname="tests.test_new_engines.TestBlueprintGeneration" name="test_delete_blueprint" time="0.183" /><testcase classname="tests.test_new_engines.TestBlueprintGeneration" name="test_blueprint_requires_auth" time="0.286" /><testcase classname="tests.test_new_engines.TestSystemDiagnostics" name="test_get_system_health" time="0.187" /><testcase classname="tests.test_new_engines.TestSystemDiagnostics" name="test_check_data_integrity" time="0.074" /><testcase classname="tests.test_new_engines.TestSystemDiagnostics" name="test_check_data_integrity_full" time="0.063" /><testcase classname="tests.test_new_engines.TestSystemDiagnostics" name="test_check_data_integrity_invalid_type" time="0.086" /><testcase classname="tests.test_new_engines.TestSystemDiagnostics" name="test_get_diagnostic_logs" time="0.080" /><testcase classname="tests.test_new_engines.TestSystemDiagnostics" name="test_get_diagnostic_logs_with_filters" time="0.067" /><testcase classname="tests.test_new_engines.TestSystemDiagnostics" name="test_get_recent_errors" time="0.096" /><testcase classname="tests.test_new_engines.TestSystemDiagnostics" name="test_get_recent_errors_with_limit" time="0.066" /><testcase classname="tests.test_new_engines.TestSystemDiagnostics" name="test_get_metrics" time="0.074" /><testcase classname="tests.test_new_engines.TestSystemDiagnostics" name="test_diagnostics_requires_auth" time="0.067" /><testcase classname="tests.test_new_engines.TestPlatformSettings" name="test_get_user_settings" time="0.243" /><testcase classname="tests.test_new_engines.TestPlatformSettings" name="test_get_user_settings_ui" time="0.104" /><testcase classname="tests.test_new_engines.TestPlatformSettings" name="test_update_single_user_setting" time="0.234" /><testcase classname="tests.test_new_engines.TestPlatformSettings" name="test_update_boolean_setting" time="0.122" /><testcase classname="tests.test_new_engines.TestPlatformSettings" name="test_update_number_setting" time="0.118" /><testcase classname="tests.test_new_engines.TestPlatformSettings" name="test_update_setting_validation_error" time="0.065" /><testcase classname="tests.test_new_engines.TestPlatformSettings" name="test_update_number_setting_out_of_range" time="0.065" /><testcase classname="tests.test_new_engines.TestPlatformSettings" name="test_bulk_update_user_settings" time="0.119" /><testcase classname="tests.test_new_engines.TestPlatformSettings" name="test_get_global_settings" time="0.084" /><testcase classname="tests.test_new_engines.TestPlatformSettings" name="test_settings_requires_auth" time="0.057" /><testcase classname="tests.test_new_engines.TestAuthenticationFlow" name="test_signup_creates_user" time="0.162" /><testcase classname="tests.test_new_engines.TestAuthenticationFlow" name="test_signup_duplicate_email_fails" time="0.157" /><testcase classname="tests.test_new_engines.TestAuthenticationFlow" name="test_login_returns_token" time="0.064"><failure message="AssertionError: Expected 200, got 401: {&quot;detail&quot;:&quot;Invalid email or password&quot;}&#10;assert 401 == 200&#10; +  where 401 = &lt;Response [401]&gt;.status_code">tests/test_new_engines.py:807: in test_login_returns_token
    assert response.status_code == 200, f"Expected 200, got {response.status_code}: {response.text}"
E   AssertionError: Expected 200, got 401: {"detail":"Invalid email or password"}
E   assert 401 == 200
E    +  where 401 = &lt;Response [401]&gt;.status_code</failure></testcase><testcase classname="tests.test_new_engines.TestAuthenticationFlow" name="test_login_invalid_credentials" time="0.074" /></testsuite></testsuites>