<?xml version="1.0" encoding="utf-8"?><testsuites name="pytest tests"><testsuite name="pytest" errors="0" failures="0" skipped="0" tests="37" time="22.754" timestamp="2026-02-18T19:20:35.776501+00:00" hostname="agent-env-95601c1b-94af-413a-9ad9-9dfeefe67264"><testcase classname="tests.test_voice_engines.TestHealthCheckVoiceEngines" name="test_health_check_shows_voice_engines" time="0.175" /><testcase classname="tests.test_voice_engines.TestVoiceConfig" name="test_voice_config_requires_auth" time="0.143" /><testcase classname="tests.test_voice_engines.TestVoiceConfig" name="test_get_voice_config" time="0.382" /><testcase classname="tests.test_voice_engines.TestVoiceSession" name="test_start_voice_session_requires_auth" time="0.220" /><testcase classname="tests.test_voice_engines.TestVoiceSession" name="test_start_voice_session_default_mode" time="0.393" /><testcase classname="tests.test_voice_engines.TestVoiceSession" name="test_start_voice_session_hold_to_record" time="0.113" /><testcase classname="tests.test_voice_engines.TestVoiceSession" name="test_start_voice_session_continuous" time="0.109" /><testcase classname="tests.test_voice_engines.TestVoiceSession" name="test_stop_voice_session" time="0.171" /><testcase classname="tests.test_voice_engines.TestVoiceSession" name="test_stop_nonexistent_session" time="0.161" /><testcase classname="tests.test_voice_engines.TestVoiceProcess" name="test_process_requires_auth" time="0.191" /><testcase classname="tests.test_voice_engines.TestVoiceProcess" name="test_process_create_screen_command" time="0.356" /><testcase classname="tests.test_voice_engines.TestVoiceProcess" name="test_process_create_page_command" time="0.071" /><testcase classname="tests.test_voice_engines.TestVoiceProcess" name="test_process_generate_flow_command" time="0.070" /><testcase classname="tests.test_voice_engines.TestVoiceProcess" name="test_process_help_command" time="0.071" /><testcase classname="tests.test_voice_engines.TestVoiceProcess" name="test_process_unknown_command" time="0.076" /><testcase classname="tests.test_voice_engines.TestVoiceProcess" name="test_process_delete_command_requires_confirmation" time="0.088" /><testcase classname="tests.test_voice_engines.TestVoiceProcess" name="test_process_with_project_id" time="0.090" /><testcase classname="tests.test_voice_engines.TestVoiceSpeak" name="test_speak_requires_auth" time="0.132" /><testcase classname="tests.test_voice_engines.TestVoiceSpeak" name="test_speak_generates_audio" time="3.672" /><testcase classname="tests.test_voice_engines.TestVoiceSpeak" name="test_speak_with_custom_voice" time="1.682" /><testcase classname="tests.test_voice_engines.TestVoiceSpeak" name="test_speak_with_custom_speed" time="1.422" /><testcase classname="tests.test_voice_engines.TestVoiceSettings" name="test_get_settings_requires_auth" time="0.196" /><testcase classname="tests.test_voice_engines.TestVoiceSettings" name="test_get_voice_settings" time="0.334" /><testcase classname="tests.test_voice_engines.TestVoiceSettings" name="test_update_voice_settings" time="0.113" /><testcase classname="tests.test_voice_engines.TestVoiceSettings" name="test_update_voice_mode" time="0.098" /><testcase classname="tests.test_voice_engines.TestVoiceSettings" name="test_update_invalid_voice" time="0.087" /><testcase classname="tests.test_voice_engines.TestVoiceSettings" name="test_update_invalid_speed" time="0.083" /><testcase classname="tests.test_voice_engines.TestVoiceSettings" name="test_toggle_voice_mode" time="0.148" /><testcase classname="tests.test_voice_engines.TestVoiceCommands" name="test_get_commands_requires_auth" time="0.127" /><testcase classname="tests.test_voice_engines.TestVoiceCommands" name="test_get_supported_commands" time="0.426" /><testcase classname="tests.test_voice_engines.TestVoiceVoices" name="test_get_voices_requires_auth" time="0.302" /><testcase classname="tests.test_voice_engines.TestVoiceVoices" name="test_get_available_voices" time="0.416" /><testcase classname="tests.test_voice_engines.TestVoiceTranscribe" name="test_transcribe_requires_auth" time="0.166" /><testcase classname="tests.test_voice_engines.TestVoiceTranscribe" name="test_transcribe_rejects_small_audio" time="0.373" /><testcase classname="tests.test_voice_engines.TestVoiceTranscribe" name="test_transcribe_validates_audio_format" time="7.111" /><testcase classname="tests.test_voice_engines.TestVoiceIntegration" name="test_full_voice_workflow" time="2.598" /><testcase classname="tests.test_voice_engines.TestVoiceIntegration" name="test_voice_settings_affect_processing" time="0.253" /></testsuite></testsuites>