<?xml version="1.0" encoding="utf-8"?><testsuites name="pytest tests"><testsuite name="pytest" errors="0" failures="6" skipped="0" tests="37" time="13.730" timestamp="2026-02-18T19:18:17.850812+00:00" hostname="agent-env-95601c1b-94af-413a-9ad9-9dfeefe67264"><testcase classname="tests.test_voice_engines.TestHealthCheckVoiceEngines" name="test_health_check_shows_voice_engines" time="0.239" /><testcase classname="tests.test_voice_engines.TestVoiceConfig" name="test_voice_config_requires_auth" time="0.381" /><testcase classname="tests.test_voice_engines.TestVoiceConfig" name="test_get_voice_config" time="0.253" /><testcase classname="tests.test_voice_engines.TestVoiceSession" name="test_start_voice_session_requires_auth" time="0.118" /><testcase classname="tests.test_voice_engines.TestVoiceSession" name="test_start_voice_session_default_mode" time="0.231" /><testcase classname="tests.test_voice_engines.TestVoiceSession" name="test_start_voice_session_hold_to_record" time="0.084" /><testcase classname="tests.test_voice_engines.TestVoiceSession" name="test_start_voice_session_continuous" time="0.064" /><testcase classname="tests.test_voice_engines.TestVoiceSession" name="test_stop_voice_session" time="0.138" /><testcase classname="tests.test_voice_engines.TestVoiceSession" name="test_stop_nonexistent_session" time="0.077" /><testcase classname="tests.test_voice_engines.TestVoiceProcess" name="test_process_requires_auth" time="0.124" /><testcase classname="tests.test_voice_engines.TestVoiceProcess" name="test_process_create_screen_command" time="0.338" /><testcase classname="tests.test_voice_engines.TestVoiceProcess" name="test_process_create_page_command" time="0.143" /><testcase classname="tests.test_voice_engines.TestVoiceProcess" name="test_process_generate_flow_command" time="0.082" /><testcase classname="tests.test_voice_engines.TestVoiceProcess" name="test_process_help_command" time="0.079"><failure message="AssertionError: assert 'create_screen' == 'ask_for_help'&#10;  &#10;  - ask_for_help&#10;  + create_screen">tests/test_voice_engines.py:295: in test_process_help_command
    assert data["command"]["intent_type"] == "ask_for_help"
E   AssertionError: assert 'create_screen' == 'ask_for_help'
E     
E     - ask_for_help
E     + create_screen</failure></testcase><testcase classname="tests.test_voice_engines.TestVoiceProcess" name="test_process_unknown_command" time="0.097" /><testcase classname="tests.test_voice_engines.TestVoiceProcess" name="test_process_delete_command_requires_confirmation" time="0.077"><failure message="AssertionError: assert 'command_result' == 'confirmation_required'&#10;  &#10;  - confirmation_required&#10;  + command_result">tests/test_voice_engines.py:323: in test_process_delete_command_requires_confirmation
    assert data["type"] == "confirmation_required"
E   AssertionError: assert 'command_result' == 'confirmation_required'
E     
E     - confirmation_required
E     + command_result</failure></testcase><testcase classname="tests.test_voice_engines.TestVoiceProcess" name="test_process_with_project_id" time="0.109"><failure message="assert False == True">tests/test_voice_engines.py:340: in test_process_with_project_id
    assert data["success"] == True
E   assert False == True</failure></testcase><testcase classname="tests.test_voice_engines.TestVoiceSpeak" name="test_speak_requires_auth" time="0.225" /><testcase classname="tests.test_voice_engines.TestVoiceSpeak" name="test_speak_generates_audio" time="4.046" /><testcase classname="tests.test_voice_engines.TestVoiceSpeak" name="test_speak_with_custom_voice" time="1.941" /><testcase classname="tests.test_voice_engines.TestVoiceSpeak" name="test_speak_with_custom_speed" time="1.450" /><testcase classname="tests.test_voice_engines.TestVoiceSettings" name="test_get_settings_requires_auth" time="0.137" /><testcase classname="tests.test_voice_engines.TestVoiceSettings" name="test_get_voice_settings" time="0.249" /><testcase classname="tests.test_voice_engines.TestVoiceSettings" name="test_update_voice_settings" time="0.092" /><testcase classname="tests.test_voice_engines.TestVoiceSettings" name="test_update_voice_mode" time="0.081" /><testcase classname="tests.test_voice_engines.TestVoiceSettings" name="test_update_invalid_voice" time="0.064" /><testcase classname="tests.test_voice_engines.TestVoiceSettings" name="test_update_invalid_speed" time="0.068" /><testcase classname="tests.test_voice_engines.TestVoiceSettings" name="test_toggle_voice_mode" time="0.154" /><testcase classname="tests.test_voice_engines.TestVoiceCommands" name="test_get_commands_requires_auth" time="0.174" /><testcase classname="tests.test_voice_engines.TestVoiceCommands" name="test_get_supported_commands" time="0.303" /><testcase classname="tests.test_voice_engines.TestVoiceVoices" name="test_get_voices_requires_auth" time="0.125" /><testcase classname="tests.test_voice_engines.TestVoiceVoices" name="test_get_available_voices" time="0.262" /><testcase classname="tests.test_voice_engines.TestVoiceTranscribe" name="test_transcribe_requires_auth" time="0.128" /><testcase classname="tests.test_voice_engines.TestVoiceTranscribe" name="test_transcribe_rejects_small_audio" time="0.450"><failure message="assert 422 == 400&#10; +  where 422 = &lt;Response [422]&gt;.status_code">tests/test_voice_engines.py:634: in test_transcribe_rejects_small_audio
    assert response.status_code == 400
E   assert 422 == 400
E    +  where 422 = &lt;Response [422]&gt;.status_code</failure></testcase><testcase classname="tests.test_voice_engines.TestVoiceTranscribe" name="test_transcribe_validates_audio_format" time="0.071"><failure message="assert 422 in [200, 500]&#10; +  where 422 = &lt;Response [422]&gt;.status_code">tests/test_voice_engines.py:650: in test_transcribe_validates_audio_format
    assert response.status_code in [200, 500]
E   assert 422 in [200, 500]
E    +  where 422 = &lt;Response [422]&gt;.status_code</failure></testcase><testcase classname="tests.test_voice_engines.TestVoiceIntegration" name="test_full_voice_workflow" time="0.649"><failure message="assert False == True">tests/test_voice_engines.py:675: in test_full_voice_workflow
    assert process_data["success"] == True
E   assert False == True</failure></testcase><testcase classname="tests.test_voice_engines.TestVoiceIntegration" name="test_voice_settings_affect_processing" time="0.247" /></testsuite></testsuites>